<?xml version="1.0" encoding="UTF-8"?>
<testsuite name="AllProductAndProductDetailsTest" tests="1" skipped="0" failures="0" errors="0" timestamp="2025-08-22T05:46:23.952Z" hostname="MacBook-Pro-Aliya.local" time="9.97">
  <properties/>
  <testcase name="Test Case 8: Verify All Products and product detail page" classname="AllProductAndProductDetailsTest" time="9.97"/>
  <system-out><![CDATA[]]></system-out>
  <system-err><![CDATA[]]></system-err>
</testsuite>
