<?xml version="1.0" encoding="UTF-8"?>
<testsuite name="SearchProductTest" tests="1" skipped="0" failures="0" errors="0" timestamp="2025-08-22T05:46:34.354Z" hostname="MacBook-Pro-Aliya.local" time="3.97">
  <properties/>
  <testcase name="Test Case 9: Search Product" classname="SearchProductTest" time="3.97"/>
  <system-out><![CDATA[]]></system-out>
  <system-err><![CDATA[]]></system-err>
</testsuite>
