<?xml version="1.0" encoding="UTF-8"?>
<testsuite name="CartTest" tests="1" skipped="0" failures="0" errors="0" timestamp="2025-08-22T08:57:14.173Z" hostname="MacBook-Air-Ajdaj.local" time="14.59">
  <properties/>
  <testcase name="Test Case 12: Add Products in Cart" classname="CartTest" time="14.59"/>
  <system-out><![CDATA[]]></system-out>
  <system-err><![CDATA[авг. 22, 2025 2:57:18 PM org.openqa.selenium.devtools.CdpVersionFinder findNearestMatch
WARNING: Unable to find CDP implementation matching 139
авг. 22, 2025 2:57:18 PM org.openqa.selenium.chromium.ChromiumDriver lambda$new$4
WARNING: Unable to find version of CDP to use for 139.0.7258.139. You may need to include a dependency on a specific version of the CDP using something similar to `org.seleniumhq.selenium:selenium-devtools-v86:4.30.0` where the version ("v86") matches the version of the chromium-based browser you're using and the version number of the artifact is the same as Selenium's.
]]></system-err>
</testsuite>
